2021-05-15 16:35:07,929 INFO org.hibernate.validator.internal.util.Version [background-preinit] HV000001: Hibernate Validator 6.1.7.Final
2021-05-15 16:35:07,929 INFO org.springframework.boot.StartupInfoLogger [main] Starting Application using Java 1.8.0_261 on APB-LTB0218850-MAC.local with PID 15134 (/Users/b0218850/IdeaProjects/spring-boot-angular6-maven-project/tutorial-server/target/classes started by b0218850 in /Users/b0218850/IdeaProjects/spring-boot-angular6-maven-project/tutorial-server)
2021-05-15 16:35:07,933 INFO org.springframework.boot.SpringApplication [main] No active profile set, falling back to default profiles: default
2021-05-15 16:35:08,903 INFO org.springframework.data.repository.config.RepositoryConfigurationDelegate [main] Bootstrapping Spring Data JPA repositories in DEFAULT mode.
2021-05-15 16:35:08,979 INFO org.springframework.data.repository.config.RepositoryConfigurationDelegate [main] Finished Spring Data repository scanning in 67 ms. Found 3 JPA repository interfaces.
2021-05-15 16:35:09,138 INFO org.springframework.integration.config.DefaultConfiguringBeanFactoryPostProcessor [main] No bean named 'errorChannel' has been explicitly defined. Therefore, a default PublishSubscribeChannel will be created.
2021-05-15 16:35:09,146 INFO org.springframework.integration.config.DefaultConfiguringBeanFactoryPostProcessor [main] No bean named 'taskScheduler' has been explicitly defined. Therefore, a default ThreadPoolTaskScheduler will be created.
2021-05-15 16:35:09,150 INFO org.springframework.integration.config.DefaultConfiguringBeanFactoryPostProcessor [main] No bean named 'integrationHeaderChannelRegistry' has been explicitly defined. Therefore, a default DefaultHeaderChannelRegistry will be created.
2021-05-15 16:35:09,275 INFO org.springframework.context.support.PostProcessorRegistrationDelegate$BeanPostProcessorChecker [main] Bean 'org.springframework.integration.config.IntegrationManagementConfiguration' of type [org.springframework.integration.config.IntegrationManagementConfiguration] is not eligible for getting processed by all BeanPostProcessors (for example: not eligible for auto-proxying)
2021-05-15 16:35:09,281 INFO org.springframework.context.support.PostProcessorRegistrationDelegate$BeanPostProcessorChecker [main] Bean 'integrationChannelResolver' of type [org.springframework.integration.support.channel.BeanFactoryChannelResolver] is not eligible for getting processed by all BeanPostProcessors (for example: not eligible for auto-proxying)
2021-05-15 16:35:09,282 INFO org.springframework.context.support.PostProcessorRegistrationDelegate$BeanPostProcessorChecker [main] Bean 'integrationDisposableAutoCreatedBeans' of type [org.springframework.integration.config.annotation.Disposables] is not eligible for getting processed by all BeanPostProcessors (for example: not eligible for auto-proxying)
2021-05-15 16:35:09,509 INFO org.springframework.boot.web.embedded.tomcat.TomcatWebServer [main] Tomcat initialized with port(s): 8080 (http)
2021-05-15 16:35:09,518 INFO org.apache.juli.logging.DirectJDKLog [main] Initializing ProtocolHandler ["http-nio-8080"]
2021-05-15 16:35:09,519 INFO org.apache.juli.logging.DirectJDKLog [main] Starting service [Tomcat]
2021-05-15 16:35:09,519 INFO org.apache.juli.logging.DirectJDKLog [main] Starting Servlet engine: [Apache Tomcat/9.0.45]
2021-05-15 16:35:09,624 INFO org.apache.juli.logging.DirectJDKLog [main] Initializing Spring embedded WebApplicationContext
2021-05-15 16:35:09,625 INFO org.springframework.boot.web.servlet.context.ServletWebServerApplicationContext [main] Root WebApplicationContext: initialization completed in 1637 ms
2021-05-15 16:35:09,777 DEBUG org.springframework.web.filter.GenericFilterBean [main] Filter 'requestLoggingFilter' configured for use
2021-05-15 16:35:09,868 INFO org.hibernate.jpa.internal.util.LogHelper [main] HHH000204: Processing PersistenceUnitInfo [name: default]
2021-05-15 16:35:10,022 INFO org.hibernate.Version [main] HHH000412: Hibernate ORM core version 5.4.30.Final
2021-05-15 16:35:10,205 INFO org.hibernate.annotations.common.reflection.java.JavaReflectionManager [main] HCANN000001: Hibernate Commons Annotations {5.1.2.Final}
2021-05-15 16:35:10,358 INFO com.zaxxer.hikari.HikariDataSource [main] HikariPool-1 - Starting...
2021-05-15 16:35:10,592 INFO com.zaxxer.hikari.HikariDataSource [main] HikariPool-1 - Start completed.
2021-05-15 16:35:10,617 INFO org.hibernate.dialect.Dialect [main] HHH000400: Using dialect: org.hibernate.dialect.MySQL8Dialect
2021-05-15 16:35:11,929 INFO org.hibernate.engine.transaction.jta.platform.internal.JtaPlatformInitiator [main] HHH000490: Using JtaPlatform implementation: [org.hibernate.engine.transaction.jta.platform.internal.NoJtaPlatform]
2021-05-15 16:35:11,940 INFO org.springframework.orm.jpa.AbstractEntityManagerFactoryBean [main] Initialized JPA EntityManagerFactory for persistence unit 'default'
2021-05-15 16:35:12,387 WARN org.springframework.boot.autoconfigure.orm.jpa.JpaBaseConfiguration$JpaWebConfiguration [main] spring.jpa.open-in-view is enabled by default. Therefore, database queries may be performed during view rendering. Explicitly configure spring.jpa.open-in-view to disable this warning
2021-05-15 16:35:12,498 INFO org.springframework.scheduling.concurrent.ExecutorConfigurationSupport [main] Initializing ExecutorService 'applicationTaskExecutor'
2021-05-15 16:35:12,856 INFO org.springframework.boot.actuate.endpoint.web.EndpointLinksResolver [main] Exposing 15 endpoint(s) beneath base path '/actuator'
2021-05-15 16:35:12,934 INFO org.springframework.scheduling.concurrent.ExecutorConfigurationSupport [main] Initializing ExecutorService 'taskScheduler'
2021-05-15 16:35:13,095 INFO org.springframework.core.log.LogAccessor [main] Adding {logging-channel-adapter:_org.springframework.integration.errorLogger} as a subscriber to the 'errorChannel' channel
2021-05-15 16:35:13,096 INFO org.springframework.core.log.LogAccessor [main] Channel 'tutorial-app.errorChannel' has 1 subscriber(s).
2021-05-15 16:35:13,096 INFO org.springframework.core.log.LogAccessor [main] started bean '_org.springframework.integration.errorLogger'
2021-05-15 16:35:13,096 INFO org.apache.juli.logging.DirectJDKLog [main] Starting ProtocolHandler ["http-nio-8080"]
2021-05-15 16:35:13,118 INFO org.springframework.boot.web.embedded.tomcat.TomcatWebServer [main] Tomcat started on port(s): 8080 (http) with context path ''
2021-05-15 16:35:13,143 INFO org.springframework.boot.StartupInfoLogger [main] Started Application in 5.752 seconds (JVM running for 6.232)
2021-05-15 16:36:53,067 INFO org.apache.juli.logging.DirectJDKLog [http-nio-8080-exec-1] Initializing Spring DispatcherServlet 'dispatcherServlet'
2021-05-15 16:36:53,069 INFO org.springframework.web.servlet.FrameworkServlet [http-nio-8080-exec-1] Initializing Servlet 'dispatcherServlet'
2021-05-15 16:36:53,082 INFO org.springframework.web.servlet.FrameworkServlet [http-nio-8080-exec-1] Completed initialization in 12 ms
2021-05-15 16:36:53,099 DEBUG org.springframework.web.filter.CommonsRequestLoggingFilter [http-nio-8080-exec-1] Before request [GET /cool-cars, client=0:0:0:0:0:0:0:1]
2021-05-15 16:36:53,143 DEBUG org.springframework.web.filter.CommonsRequestLoggingFilter [http-nio-8080-exec-1] After request [GET /cool-cars, client=0:0:0:0:0:0:0:1]
2021-05-15 16:44:11,690 INFO org.springframework.core.log.LogAccessor [SpringContextShutdownHook] Removing {logging-channel-adapter:_org.springframework.integration.errorLogger} as a subscriber to the 'errorChannel' channel
2021-05-15 16:44:11,692 INFO org.springframework.core.log.LogAccessor [SpringContextShutdownHook] Channel 'tutorial-app.errorChannel' has 0 subscriber(s).
2021-05-15 16:44:11,693 INFO org.springframework.core.log.LogAccessor [SpringContextShutdownHook] stopped bean '_org.springframework.integration.errorLogger'
2021-05-15 16:44:11,694 INFO org.springframework.scheduling.concurrent.ExecutorConfigurationSupport [SpringContextShutdownHook] Shutting down ExecutorService 'taskScheduler'
2021-05-15 16:44:11,698 INFO org.springframework.scheduling.concurrent.ExecutorConfigurationSupport [SpringContextShutdownHook] Shutting down ExecutorService 'applicationTaskExecutor'
2021-05-15 16:44:11,702 INFO org.springframework.orm.jpa.AbstractEntityManagerFactoryBean [SpringContextShutdownHook] Closing JPA EntityManagerFactory for persistence unit 'default'
2021-05-15 16:44:11,708 INFO com.zaxxer.hikari.HikariDataSource [SpringContextShutdownHook] HikariPool-1 - Shutdown initiated...
2021-05-15 16:44:11,721 INFO com.zaxxer.hikari.HikariDataSource [SpringContextShutdownHook] HikariPool-1 - Shutdown completed.
